<?xml version="1.0" encoding="UTF-8"?>
<!-- Generated by org.testng.reporters.JUnitReportReporter -->
<testsuite hostname="lanhs-MacBook-Pro.local" failures="0" tests="3" name="com.nopcommerce.users.Level_31_Environment_02_Multiple_XML" time="0.035" errors="0" timestamp="2024-10-25T15:30:52 ICT" skipped="0">
  <testcase classname="com.nopcommerce.users.Level_31_Environment_02_Multiple_XML" name="User_02_Register_Success" time="0.004"/>
  <testcase classname="com.nopcommerce.users.Level_31_Environment_02_Multiple_XML" name="User_03_Login" time="0.005"/>
  <testcase classname="com.nopcommerce.users.Level_31_Environment_02_Multiple_XML" name="User_01_Register_Validate" time="0.026"/>
  <system-out>
    <![CDATA[OS name = mac os x
Driver instance name = chromedriver: chrome on mac (6f5be9f7280038394c6a6428cfe58ebf)]]>
  </system-out>
</testsuite> <!-- com.nopcommerce.users.Level_31_Environment_02_Multiple_XML -->
