<?xml version="1.0" encoding="UTF-8"?>
<!-- Generated by org.testng.reporters.JUnitReportReporter -->
<testsuite hostname="lanhs-MacBook-Pro.local" failures="0" tests="3" name="com.nopcommerce.users.Level_31_Environment_03_Java_Properties" time="0.024" errors="0" timestamp="2024-10-24T16:03:40 ICT" skipped="0">
  <testcase classname="com.nopcommerce.users.Level_31_Environment_03_Java_Properties" name="User_01_Register_Validate" time="0.020"/>
  <testcase classname="com.nopcommerce.users.Level_31_Environment_03_Java_Properties" name="User_02_Register_Success" time="0.001"/>
  <testcase classname="com.nopcommerce.users.Level_31_Environment_03_Java_Properties" name="User_03_Login" time="0.003"/>
  <system-out>
    <![CDATA[OS name = mac os x
Driver instance name = chromedriver: chrome on mac (1fc9a332b923229ff82bf494e7638ebe)]]>
  </system-out>
</testsuite> <!-- com.nopcommerce.users.Level_31_Environment_03_Java_Properties -->
